[11:35:17.178][info] [#0:/Users/ryonagamatsu/.config/coc/extensions/coc-lua-data/lua-language-server/main.lua:66]: Lua Lsp startup, root: 	/Users/ryonagamatsu/.config/coc/extensions/coc-lua-data/lua-language-server
[11:35:17.180][info] [#0:/Users/ryonagamatsu/.config/coc/extensions/coc-lua-data/lua-language-server/main.lua:67]: ROOT:	/Users/ryonagamatsu/.config/coc/extensions/coc-lua-data/lua-language-server
[11:35:17.180][info] [#0:/Users/ryonagamatsu/.config/coc/extensions/coc-lua-data/lua-language-server/main.lua:68]: LOGPATH:	/Users/ryonagamatsu/.config/coc/extensions/coc-lua-data/lua-language-server/log
[11:35:17.180][info] [#0:/Users/ryonagamatsu/.config/coc/extensions/coc-lua-data/lua-language-server/main.lua:69]: METAPATH:	/Users/ryonagamatsu/.config/coc/extensions/coc-lua-data/lua-language-server/meta
[11:35:17.181][info] [#0:/Users/ryonagamatsu/.config/coc/extensions/coc-lua-data/lua-language-server/main.lua:70]: VERSION:	3.7.4
[11:35:17.238][info] [#0:script/service/service.lua:144]: 
========= Medical Examination Report =========
    --------------- Memory ---------------
        Total: 2.163 MB
        # 00 : 2.163 MB
        # 01 : 0.000 MB
        # 02 : 0.000 MB
        # 03 : 0.000 MB
        # 04 : 0.000 MB
    --------------- Coroutine ---------------
        Total:     0
        Running:   0
        Suspended: 0
        Normal:    0
        Dead:      0
    --------------- Cache ---------------
        Total: 1
        Dead:  0
    ---------------  RPC  ---------------
        Holdon:   0
        Waiting:  0
==============================================
[11:35:17.248][info] [#0:script/client.lua:657]: Client init	{
  capabilities = {
    general = {
      markdown = {
        parser = "marked",
        version = "4.0.10"
      },
      positionEncodings = { "utf-16" },
      regularExpressions = {
        engine = "ECMAScript",
        version = "ES2020"
      },
      staleRequestSupport = {
        cancel = true,
        retryOnContentModified = { "textDocument/inlayHint", "textDocument/semanticTokens/full", "textDocument/semanticTokens/range", "textDocument/semanticTokens/full/delta" }
      }
    },
    textDocument = {
      callHierarchy = {
        dynamicRegistration = true
      },
      codeAction = {
        codeActionLiteralSupport = {
          codeActionKind = {
            valueSet = { "", "quickfix", "refactor", "refactor.extract", "refactor.inline", "refactor.rewrite", "source", "source.organizeImports" }
          }
        },
        dataSupport = true,
        disabledSupport = true,
        dynamicRegistration = true,
        honorsChangeAnnotations = false,
        isPreferredSupport = true,
        resolveSupport = {
          properties = { "edit" }
        }
      },
      codeLens = {
        dynamicRegistration = true
      },
      colorProvider = {
        dynamicRegistration = true
      },
      completion = {
        completionItem = {
          commitCharactersSupport = true,
          deprecatedSupport = true,
          documentationFormat = { "markdown", "plaintext" },
          insertReplaceSupport = true,
          insertTextModeSupport = {
            valueSet = { 1, 2 }
          },
          labelDetailsSupport = true,
          preselectSupport = true,
          resolveSupport = {
            properties = { "documentation", "detail", "additionalTextEdits" }
          },
          snippetSupport = true,
          tagSupport = {
            valueSet = { 1 }
          }
        },
        completionItemKind = {
          valueSet = { 1, 2, 3, 4, 5, 6, 7, 8, 9, 10, 11, 12, 13, 14, 15, 16, 17, 18, 19, 20, 21, 22, 23, 24, 25 }
        },
        completionList = {
          itemDefaults = { "commitCharacters", "editRange", "insertTextFormat", "insertTextMode" }
        },
        contextSupport = true,
        dynamicRegistration = true,
        insertTextMode = 2
      },
      declaration = {
        dynamicRegistration = true,
        linkSupport = true
      },
      definition = {
        dynamicRegistration = true,
        linkSupport = true
      },
      diagnostic = {
        dynamicRegistration = true,
        relatedDocumentSupport = true
      },
      documentHighlight = {
        dynamicRegistration = true
      },
      documentLink = {
        dynamicRegistration = true,
        tooltipSupport = true
      },
      documentSymbol = {
        dynamicRegistration = true,
        hierarchicalDocumentSymbolSupport = true,
        labelSupport = true,
        symbolKind = {
          valueSet = { 1, 2, 3, 4, 5, 6, 7, 8, 9, 10, 11, 12, 13, 14, 15, 16, 17, 18, 19, 20, 21, 22, 23, 24, 25, 26 }
        },
        tagSupport = {
          valueSet = { 1 }
        }
      },
      foldingRange = {
        dynamicRegistration = true,
        foldingRange = {
          collapsedText = false
        },
        foldingRangeKind = {
          valueSet = { "comment", "imports", "region" }
        },
        lineFoldingOnly = true,
        rangeLimit = 5000
      },
      formatting = {
        dynamicRegistration = true
      },
      hover = {
        contentFormat = { "markdown", "plaintext" },
        dynamicRegistration = true
      },
      implementation = {
        dynamicRegistration = true,
        linkSupport = true
      },
      inlayHint = {
        dynamicRegistration = true,
        resolveSupport = {
          properties = { "tooltip", "textEdits", "label.tooltip", "label.location", "label.command" }
        }
      },
      inlineValue = {
        dynamicRegistration = true
      },
      linkedEditingRange = {
        dynamicRegistration = true
      },
      onTypeFormatting = {
        dynamicRegistration = true
      },
      publishDiagnostics = {
        codeDescriptionSupport = true,
        dataSupport = true,
        relatedInformation = true,
        tagSupport = {
          valueSet = { 1, 2 }
        },
        versionSupport = true
      },
      rangeFormatting = {
        dynamicRegistration = true
      },
      references = {
        dynamicRegistration = true
      },
      rename = {
        dynamicRegistration = true,
        honorsChangeAnnotations = true,
        prepareSupport = true,
        prepareSupportDefaultBehavior = 1
      },
      selectionRange = {
        dynamicRegistration = true
      },
      semanticTokens = {
        augmentsSyntaxTokens = true,
        dynamicRegistration = true,
        formats = { "relative" },
        multilineTokenSupport = false,
        overlappingTokenSupport = false,
        requests = {
          full = {
            delta = true
          },
          range = true
        },
        serverCancelSupport = true,
        tokenModifiers = { "declaration", "definition", "readonly", "static", "deprecated", "abstract", "async", "modification", "documentation", "defaultLibrary" },
        tokenTypes = { "namespace", "type", "class", "enum", "interface", "struct", "typeParameter", "parameter", "variable", "property", "enumMember", "event", "function", "method", "macro", "keyword", "modifier", "comment", "string", "number", "regexp", "decorator", "operator" }
      },
      signatureHelp = {
        contextSupport = true,
        dynamicRegistration = true,
        signatureInformation = {
          activeParameterSupport = true,
          documentationFormat = { "markdown", "plaintext" },
          parameterInformation = {
            labelOffsetSupport = true
          }
        }
      },
      synchronization = {
        didSave = true,
        dynamicRegistration = true,
        willSave = true,
        willSaveWaitUntil = true
      },
      typeDefinition = {
        dynamicRegistration = true,
        linkSupport = true
      },
      typeHierarchy = {
        dynamicRegistration = true
      }
    },
    window = {
      showDocument = {
        support = true
      },
      showMessage = {
        messageActionItem = {
          additionalPropertiesSupport = true
        }
      },
      workDoneProgress = true
    },
    workspace = {
      applyEdit = true,
      codeLens = {
        refreshSupport = true
      },
      configuration = true,
      diagnostics = {
        refreshSupport = true
      },
      didChangeConfiguration = {
        dynamicRegistration = true
      },
      didChangeWatchedFiles = {
        dynamicRegistration = true,
        relativePatternSupport = true
      },
      executeCommand = {
        dynamicRegistration = true
      },
      fileOperations = {
        didCreate = true,
        didDelete = true,
        didRename = true,
        dynamicRegistration = true,
        willCreate = true,
        willDelete = true,
        willRename = true
      },
      inlayHint = {
        refreshSupport = true
      },
      inlineValue = {
        refreshSupport = true
      },
      semanticTokens = {
        refreshSupport = true
      },
      symbol = {
        dynamicRegistration = true,
        resolveSupport = {
          properties = { "location.range" }
        },
        symbolKind = {
          valueSet = { 1, 2, 3, 4, 5, 6, 7, 8, 9, 10, 11, 12, 13, 14, 15, 16, 17, 18, 19, 20, 21, 22, 23, 24, 25, 26 }
        },
        tagSupport = {
          valueSet = { 1 }
        }
      },
      workspaceEdit = {
        changeAnnotationSupport = {
          groupsOnLabel = false
        },
        documentChanges = true,
        failureHandling = "undo",
        normalizesLineEndings = true,
        resourceOperations = { "create", "rename", "delete" }
      },
      workspaceFolders = true
    }
  },
  clientInfo = {
    name = "coc.nvim",
    version = "0.0.82"
  },
  initializationOptions = {
    changeConfiguration = true
  },
  locale = "ja_JP",
  processId = 77560,
  rootPath = "/Users/ryonagamatsu/.config/nvim",
  rootUri = "file:///Users/ryonagamatsu/.config/nvim",
  trace = "off",
  workDoneToken = "0f921267-bffd-4643-9f8f-0f785d63aa7e",
  workspaceFolders = { {
      name = "nvim",
      uri = "file:///Users/ryonagamatsu/.config/nvim"
    } }
}
[11:35:17.249][info] [#0:script/language.lua:137]: VSC language: ja_JP
[11:35:17.249][info] [#0:script/language.lua:138]: LS  language: en-us
[11:35:17.249][info] [#0:script/workspace/workspace.lua:38]: Workspace init root: 	file:///Users/ryonagamatsu/.config/nvim
[11:35:17.249][info] [#0:script/workspace/workspace.lua:42]: Log path: 	/Users/ryonagamatsu/.config/coc/extensions/coc-lua-data/lua-language-server/log/file_Users_ryonagamatsu_.config_nvim.log
[11:35:17.252][info] [#0:script/workspace/workspace.lua:48]: Workspace create: 	file:///Users/ryonagamatsu/.config/nvim
[11:35:17.357][info] [#0:script/provider/provider.lua:46]: Load config from client	file:///Users/ryonagamatsu/.config/nvim
[11:35:17.357][info] [#0:script/provider/provider.lua:47]: {
  Lua = {
    addonManager = {
      enable = true
    },
    codeLens = {
      enable = false
    },
    completion = {
      autoRequire = true,
      callSnippet = "Disable",
      displayContext = 0,
      enable = true,
      keywordSnippet = "Replace",
      postfix = "@",
      requireSeparator = ".",
      showParams = true,
      showWord = "Fallback",
      workspaceWord = true
    },
    diagnostics = {
      disable = {},
      disableScheme = { "git" },
      enable = true,
      globals = { "vim" },
      ignoredFiles = "Opened",
      libraryFiles = "Opened",
      unusedLocalExclude = {},
      workspaceDelay = 3000,
      workspaceEvent = "OnSave",
      workspaceRate = 100
    },
    doc = {
      packageName = {},
      privateName = {},
      protectedName = {}
    },
    format = {
      defaultConfig = {},
      enable = true
    },
    hint = {
      arrayIndex = "Auto",
      await = true,
      enable = false,
      paramName = "All",
      paramType = true,
      semicolon = "SameLine",
      setType = false
    },
    hover = {
      enable = true,
      enumsLimit = 5,
      expandAlias = true,
      previewFields = 50,
      viewNumber = true,
      viewString = true,
      viewStringMax = 1000
    },
    misc = {
      executablePath = "",
      parameters = {}
    },
    runtime = {
      fileEncoding = "utf8",
      meta = "${version} ${language} ${encoding}",
      nonstandardSymbol = {},
      path = { "?.lua", "?/init.lua" },
      pathStrict = false,
      plugin = "",
      pluginArgs = {},
      special = {},
      unicodeName = false,
      version = "Lua 5.4"
    },
    semantic = {
      annotation = true,
      enable = true,
      keyword = false,
      variable = true
    },
    signatureHelp = {
      enable = true
    },
    spell = {
      dict = {}
    },
    type = {
      castNumberToInteger = true,
      weakNilCheck = false,
      weakUnionCheck = false
    },
    window = {
      progressBar = true,
      statusBar = true
    },
    workspace = {
      checkThirdParty = true,
      ignoreDir = { ".vscode" },
      ignoreSubmodules = true,
      library = {},
      maxPreload = 5000,
      preloadFileSize = 500,
      useGitIgnore = true,
      userThirdParty = {}
    }
  }
}
[11:35:17.463][info] [#0:script/provider/completion.lua:43]: Enable completion.
[11:35:17.463][info] [#0:script/provider/provider.lua:61]: Load config from client	fallback
[11:35:17.463][info] [#0:script/provider/provider.lua:62]: {
  Lua = {
    addonManager = {
      enable = true
    },
    codeLens = {
      enable = false
    },
    completion = {
      autoRequire = true,
      callSnippet = "Disable",
      displayContext = 0,
      enable = true,
      keywordSnippet = "Replace",
      postfix = "@",
      requireSeparator = ".",
      showParams = true,
      showWord = "Fallback",
      workspaceWord = true
    },
    diagnostics = {
      disable = {},
      disableScheme = { "git" },
      enable = true,
      globals = { "vim" },
      ignoredFiles = "Opened",
      libraryFiles = "Opened",
      unusedLocalExclude = {},
      workspaceDelay = 3000,
      workspaceEvent = "OnSave",
      workspaceRate = 100
    },
    doc = {
      packageName = {},
      privateName = {},
      protectedName = {}
    },
    format = {
      defaultConfig = {},
      enable = true
    },
    hint = {
      arrayIndex = "Auto",
      await = true,
      enable = false,
      paramName = "All",
      paramType = true,
      semicolon = "SameLine",
      setType = false
    },
    hover = {
      enable = true,
      enumsLimit = 5,
      expandAlias = true,
      previewFields = 50,
      viewNumber = true,
      viewString = true,
      viewStringMax = 1000
    },
    misc = {
      executablePath = "",
      parameters = {}
    },
    runtime = {
      fileEncoding = "utf8",
      meta = "${version} ${language} ${encoding}",
      nonstandardSymbol = {},
      path = { "?.lua", "?/init.lua" },
      pathStrict = false,
      plugin = "",
      pluginArgs = {},
      special = {},
      unicodeName = false,
      version = "Lua 5.4"
    },
    semantic = {
      annotation = true,
      enable = true,
      keyword = false,
      variable = true
    },
    signatureHelp = {
      enable = true
    },
    spell = {
      dict = {}
    },
    type = {
      castNumberToInteger = true,
      weakNilCheck = false,
      weakUnionCheck = false
    },
    window = {
      progressBar = true,
      statusBar = true
    },
    workspace = {
      checkThirdParty = true,
      ignoreDir = { ".vscode" },
      ignoreSubmodules = true,
      library = {},
      maxPreload = 5000,
      preloadFileSize = 500,
      useGitIgnore = true,
      userThirdParty = {}
    }
  }
}
[11:35:17.671][info] [#0:script/library.lua:212]: Init builtin library at:	file:///Users/ryonagamatsu/.config/nvim
[11:35:17.719][info] [#0:script/plugin.lua:86]: plugin path:	/Users/ryonagamatsu/.config/nvim
[11:35:17.719][warn] [#0:script/plugin.lua:101]: plugin not found:	/Users/ryonagamatsu/.config/nvim
[11:35:17.719][info] [#0:script/library.lua:212]: Init builtin library at:	nil
[11:35:17.836][info] [#0:script/workspace/workspace.lua:324]: Preload start:	file:///Users/ryonagamatsu/.config/nvim
[11:35:17.840][info] [#0:script/workspace/workspace.lua:330]: Scan files at:	file:///Users/ryonagamatsu/.config/nvim
[11:35:17.841][info] [#0:script/workspace/workspace.lua:324]: Preload start:	<fallback>
[11:35:17.843][info] [#0:script/workspace/workspace.lua:353]: Scan library at:	file:///Users/ryonagamatsu/.config/coc/extensions/coc-lua-data/lua-language-server/meta/Lua%205.4%20en-us%20utf8/math.lua
[11:35:17.844][info] [#0:script/workspace/workspace.lua:353]: Scan library at:	file:///Users/ryonagamatsu/.config/coc/extensions/coc-lua-data/lua-language-server/meta/Lua%205.4%20en-us%20utf8/io.lua
[11:35:17.844][info] [#0:script/workspace/workspace.lua:353]: Scan library at:	file:///Users/ryonagamatsu/.config/coc/extensions/coc-lua-data/lua-language-server/meta/Lua%205.4%20en-us%20utf8/debug.lua
[11:35:17.844][info] [#0:script/workspace/workspace.lua:353]: Scan library at:	file:///Users/ryonagamatsu/.config/coc/extensions/coc-lua-data/lua-language-server/meta/Lua%205.4%20en-us%20utf8/basic.lua
[11:35:17.844][info] [#0:script/workspace/workspace.lua:353]: Scan library at:	file:///Users/ryonagamatsu/.config/coc/extensions/coc-lua-data/lua-language-server/meta/Lua%205.4%20en-us%20utf8/table.lua
[11:35:17.845][info] [#0:script/workspace/workspace.lua:353]: Scan library at:	file:///Users/ryonagamatsu/.config/coc/extensions/coc-lua-data/lua-language-server/meta/Lua%205.4%20en-us%20utf8/coroutine.lua
[11:35:17.845][info] [#0:script/workspace/workspace.lua:353]: Scan library at:	file:///Users/ryonagamatsu/.config/coc/extensions/coc-lua-data/lua-language-server/meta/Lua%205.4%20en-us%20utf8/builtin.lua
[11:35:17.845][info] [#0:script/workspace/workspace.lua:353]: Scan library at:	file:///Users/ryonagamatsu/.config/coc/extensions/coc-lua-data/lua-language-server/meta/Lua%205.4%20en-us%20utf8/string.lua
[11:35:17.846][info] [#0:script/workspace/workspace.lua:353]: Scan library at:	file:///Users/ryonagamatsu/.config/coc/extensions/coc-lua-data/lua-language-server/meta/Lua%205.4%20en-us%20utf8/package.lua
[11:35:17.846][info] [#0:script/workspace/workspace.lua:353]: Scan library at:	file:///Users/ryonagamatsu/.config/coc/extensions/coc-lua-data/lua-language-server/meta/Lua%205.4%20en-us%20utf8/os.lua
[11:35:17.846][info] [#0:script/workspace/workspace.lua:353]: Scan library at:	file:///Users/ryonagamatsu/.config/coc/extensions/coc-lua-data/lua-language-server/meta/Lua%205.4%20en-us%20utf8/utf8.lua
[11:35:17.847][info] [#0:script/workspace/workspace.lua:353]: Scan library at:	file:///Users/ryonagamatsu/.config/coc/extensions/coc-lua-data/lua-language-server/meta/Lua%205.4%20en-us%20utf8/math.lua
[11:35:17.847][info] [#0:script/workspace/workspace.lua:353]: Scan library at:	file:///Users/ryonagamatsu/.config/coc/extensions/coc-lua-data/lua-language-server/meta/Lua%205.4%20en-us%20utf8/io.lua
[11:35:17.847][info] [#0:script/workspace/workspace.lua:353]: Scan library at:	file:///Users/ryonagamatsu/.config/coc/extensions/coc-lua-data/lua-language-server/meta/Lua%205.4%20en-us%20utf8/debug.lua
[11:35:17.847][info] [#0:script/workspace/workspace.lua:353]: Scan library at:	file:///Users/ryonagamatsu/.config/coc/extensions/coc-lua-data/lua-language-server/meta/Lua%205.4%20en-us%20utf8/basic.lua
[11:35:17.847][info] [#0:script/workspace/workspace.lua:353]: Scan library at:	file:///Users/ryonagamatsu/.config/coc/extensions/coc-lua-data/lua-language-server/meta/Lua%205.4%20en-us%20utf8/table.lua
[11:35:17.847][info] [#0:script/workspace/workspace.lua:353]: Scan library at:	file:///Users/ryonagamatsu/.config/coc/extensions/coc-lua-data/lua-language-server/meta/Lua%205.4%20en-us%20utf8/coroutine.lua
[11:35:17.847][info] [#0:script/workspace/workspace.lua:353]: Scan library at:	file:///Users/ryonagamatsu/.config/coc/extensions/coc-lua-data/lua-language-server/meta/Lua%205.4%20en-us%20utf8/builtin.lua
[11:35:17.848][info] [#0:script/workspace/workspace.lua:353]: Scan library at:	file:///Users/ryonagamatsu/.config/coc/extensions/coc-lua-data/lua-language-server/meta/Lua%205.4%20en-us%20utf8/string.lua
[11:35:17.848][info] [#0:script/workspace/workspace.lua:353]: Scan library at:	file:///Users/ryonagamatsu/.config/coc/extensions/coc-lua-data/lua-language-server/meta/Lua%205.4%20en-us%20utf8/package.lua
[11:35:17.848][info] [#0:script/workspace/workspace.lua:353]: Scan library at:	file:///Users/ryonagamatsu/.config/coc/extensions/coc-lua-data/lua-language-server/meta/Lua%205.4%20en-us%20utf8/os.lua
[11:35:17.848][info] [#0:script/workspace/workspace.lua:353]: Scan library at:	file:///Users/ryonagamatsu/.config/coc/extensions/coc-lua-data/lua-language-server/meta/Lua%205.4%20en-us%20utf8/utf8.lua
[11:35:17.953][info] [#0:script/workspace/workspace.lua:379]: Found 11 files at:	<fallback>
[11:35:17.953][info] [#0:script/workspace/loading.lua:161]: Load files from disk:	<fallback>
[11:35:17.953][info] [#0:script/workspace/workspace.lua:379]: Found 42 files at:	file:///Users/ryonagamatsu/.config/nvim
[11:35:17.953][info] [#0:script/workspace/loading.lua:161]: Load files from disk:	file:///Users/ryonagamatsu/.config/nvim
[11:35:17.954][info] [#0:script/workspace/loading.lua:89]: Skip loaded file: file:///Users/ryonagamatsu/.config/nvim/lua/plugins/nvim-surround.lua
[11:35:18.058][info] [#0:script/workspace/loading.lua:101]: Preload file at: file:///Users/ryonagamatsu/.config/coc/extensions/coc-lua-data/lua-language-server/meta/Lua%205.4%20en-us%20utf8/utf8.lua , size = 2.386 KB
[11:35:18.061][info] [#0:script/workspace/loading.lua:113]: ++++As library of:	file:///Users/ryonagamatsu/.config/coc/extensions/coc-lua-data/lua-language-server/meta/Lua%205.4%20en-us%20utf8/utf8.lua
[11:35:18.061][info] [#0:script/workspace/loading.lua:98]: Skip loaded file: file:///Users/ryonagamatsu/.config/coc/extensions/coc-lua-data/lua-language-server/meta/Lua%205.4%20en-us%20utf8/utf8.lua
[11:35:18.061][info] [#0:script/workspace/loading.lua:101]: Preload file at: file:///Users/ryonagamatsu/.config/coc/extensions/coc-lua-data/lua-language-server/meta/Lua%205.4%20en-us%20utf8/os.lua , size = 5.600 KB
[11:35:18.067][info] [#0:script/workspace/loading.lua:113]: ++++As library of:	file:///Users/ryonagamatsu/.config/coc/extensions/coc-lua-data/lua-language-server/meta/Lua%205.4%20en-us%20utf8/os.lua
[11:35:18.067][info] [#0:script/workspace/loading.lua:98]: Skip loaded file: file:///Users/ryonagamatsu/.config/coc/extensions/coc-lua-data/lua-language-server/meta/Lua%205.4%20en-us%20utf8/os.lua
[11:35:18.067][info] [#0:script/workspace/loading.lua:101]: Preload file at: file:///Users/ryonagamatsu/.config/coc/extensions/coc-lua-data/lua-language-server/meta/Lua%205.4%20en-us%20utf8/package.lua , size = 2.944 KB
[11:35:18.069][info] [#0:script/workspace/loading.lua:113]: ++++As library of:	file:///Users/ryonagamatsu/.config/coc/extensions/coc-lua-data/lua-language-server/meta/Lua%205.4%20en-us%20utf8/package.lua
[11:35:18.069][info] [#0:script/workspace/loading.lua:98]: Skip loaded file: file:///Users/ryonagamatsu/.config/coc/extensions/coc-lua-data/lua-language-server/meta/Lua%205.4%20en-us%20utf8/package.lua
[11:35:18.069][info] [#0:script/workspace/loading.lua:101]: Preload file at: file:///Users/ryonagamatsu/.config/coc/extensions/coc-lua-data/lua-language-server/meta/Lua%205.4%20en-us%20utf8/string.lua , size = 6.341 KB
[11:35:18.073][info] [#0:script/workspace/loading.lua:113]: ++++As library of:	file:///Users/ryonagamatsu/.config/coc/extensions/coc-lua-data/lua-language-server/meta/Lua%205.4%20en-us%20utf8/string.lua
[11:35:18.073][info] [#0:script/workspace/loading.lua:98]: Skip loaded file: file:///Users/ryonagamatsu/.config/coc/extensions/coc-lua-data/lua-language-server/meta/Lua%205.4%20en-us%20utf8/string.lua
[11:35:18.073][info] [#0:script/workspace/loading.lua:101]: Preload file at: file:///Users/ryonagamatsu/.config/coc/extensions/coc-lua-data/lua-language-server/meta/Lua%205.4%20en-us%20utf8/builtin.lua , size = 0.302 KB
[11:35:18.073][info] [#0:script/workspace/loading.lua:113]: ++++As library of:	file:///Users/ryonagamatsu/.config/coc/extensions/coc-lua-data/lua-language-server/meta/Lua%205.4%20en-us%20utf8/builtin.lua
[11:35:18.074][info] [#0:script/workspace/loading.lua:98]: Skip loaded file: file:///Users/ryonagamatsu/.config/coc/extensions/coc-lua-data/lua-language-server/meta/Lua%205.4%20en-us%20utf8/builtin.lua
[11:35:18.074][info] [#0:script/workspace/loading.lua:101]: Preload file at: file:///Users/ryonagamatsu/.config/coc/extensions/coc-lua-data/lua-language-server/meta/Lua%205.4%20en-us%20utf8/coroutine.lua , size = 2.590 KB
[11:35:18.075][info] [#0:script/workspace/loading.lua:113]: ++++As library of:	file:///Users/ryonagamatsu/.config/coc/extensions/coc-lua-data/lua-language-server/meta/Lua%205.4%20en-us%20utf8/coroutine.lua
[11:35:18.075][info] [#0:script/workspace/loading.lua:98]: Skip loaded file: file:///Users/ryonagamatsu/.config/coc/extensions/coc-lua-data/lua-language-server/meta/Lua%205.4%20en-us%20utf8/coroutine.lua
[11:35:18.075][info] [#0:script/workspace/loading.lua:101]: Preload file at: file:///Users/ryonagamatsu/.config/coc/extensions/coc-lua-data/lua-language-server/meta/Lua%205.4%20en-us%20utf8/table.lua , size = 4.230 KB
[11:35:18.079][info] [#0:script/workspace/loading.lua:113]: ++++As library of:	file:///Users/ryonagamatsu/.config/coc/extensions/coc-lua-data/lua-language-server/meta/Lua%205.4%20en-us%20utf8/table.lua
[11:35:18.079][info] [#0:script/workspace/loading.lua:98]: Skip loaded file: file:///Users/ryonagamatsu/.config/coc/extensions/coc-lua-data/lua-language-server/meta/Lua%205.4%20en-us%20utf8/table.lua
[11:35:18.079][info] [#0:script/workspace/loading.lua:101]: Preload file at: file:///Users/ryonagamatsu/.config/coc/extensions/coc-lua-data/lua-language-server/meta/Lua%205.4%20en-us%20utf8/basic.lua , size = 15.377 KB
[11:35:18.086][info] [#0:script/workspace/loading.lua:113]: ++++As library of:	file:///Users/ryonagamatsu/.config/coc/extensions/coc-lua-data/lua-language-server/meta/Lua%205.4%20en-us%20utf8/basic.lua
[11:35:18.086][info] [#0:script/workspace/loading.lua:101]: Preload file at: file:///Users/ryonagamatsu/.config/coc/extensions/coc-lua-data/lua-language-server/meta/Lua%205.4%20en-us%20utf8/debug.lua , size = 7.637 KB
[11:35:18.091][info] [#0:script/workspace/loading.lua:113]: ++++As library of:	file:///Users/ryonagamatsu/.config/coc/extensions/coc-lua-data/lua-language-server/meta/Lua%205.4%20en-us%20utf8/debug.lua
[11:35:18.091][info] [#0:script/workspace/loading.lua:98]: Skip loaded file: file:///Users/ryonagamatsu/.config/coc/extensions/coc-lua-data/lua-language-server/meta/Lua%205.4%20en-us%20utf8/basic.lua
[11:35:18.091][info] [#0:script/workspace/loading.lua:98]: Skip loaded file: file:///Users/ryonagamatsu/.config/coc/extensions/coc-lua-data/lua-language-server/meta/Lua%205.4%20en-us%20utf8/debug.lua
[11:35:18.091][info] [#0:script/workspace/loading.lua:101]: Preload file at: file:///Users/ryonagamatsu/.config/coc/extensions/coc-lua-data/lua-language-server/meta/Lua%205.4%20en-us%20utf8/io.lua , size = 6.364 KB
[11:35:18.096][info] [#0:script/workspace/loading.lua:113]: ++++As library of:	file:///Users/ryonagamatsu/.config/coc/extensions/coc-lua-data/lua-language-server/meta/Lua%205.4%20en-us%20utf8/io.lua
[11:35:18.096][info] [#0:script/workspace/loading.lua:98]: Skip loaded file: file:///Users/ryonagamatsu/.config/coc/extensions/coc-lua-data/lua-language-server/meta/Lua%205.4%20en-us%20utf8/io.lua
[11:35:18.096][info] [#0:script/workspace/loading.lua:101]: Preload file at: file:///Users/ryonagamatsu/.config/coc/extensions/coc-lua-data/lua-language-server/meta/Lua%205.4%20en-us%20utf8/math.lua , size = 8.509 KB
[11:35:18.100][info] [#0:script/workspace/loading.lua:113]: ++++As library of:	file:///Users/ryonagamatsu/.config/coc/extensions/coc-lua-data/lua-language-server/meta/Lua%205.4%20en-us%20utf8/math.lua
[11:35:18.100][info] [#0:script/workspace/loading.lua:98]: Skip loaded file: file:///Users/ryonagamatsu/.config/coc/extensions/coc-lua-data/lua-language-server/meta/Lua%205.4%20en-us%20utf8/math.lua
[11:35:18.100][info] [#0:script/workspace/loading.lua:101]: Preload file at: file:///Users/ryonagamatsu/.config/nvim/init.lua , size = 0.216 KB
[11:35:18.101][info] [#0:script/workspace/loading.lua:101]: Preload file at: file:///Users/ryonagamatsu/.config/nvim/lua/key-map.lua , size = 2.320 KB
[11:35:18.102][info] [#0:script/workspace/loading.lua:101]: Preload file at: file:///Users/ryonagamatsu/.config/nvim/lua/plugins/pretty-fold.lua , size = 0.526 KB
[11:35:18.102][info] [#0:script/workspace/loading.lua:101]: Preload file at: file:///Users/ryonagamatsu/.config/nvim/lua/plugins/neoscroll.lua , size = 0.099 KB
[11:35:18.103][info] [#0:script/workspace/loading.lua:101]: Preload file at: file:///Users/ryonagamatsu/.config/nvim/lua/plugins/fern.lua , size = 0.723 KB
[11:35:18.103][info] [#0:script/workspace/loading.lua:101]: Preload file at: file:///Users/ryonagamatsu/.config/nvim/lua/plugins/autopairs.lua , size = 0.264 KB
[11:35:18.104][info] [#0:script/workspace/loading.lua:101]: Preload file at: file:///Users/ryonagamatsu/.config/nvim/lua/plugins/barbar.lua , size = 0.604 KB
[11:35:18.104][info] [#0:script/workspace/loading.lua:101]: Preload file at: file:///Users/ryonagamatsu/.config/nvim/lua/plugins/telescope.lua , size = 2.456 KB
[11:35:18.105][info] [#0:script/workspace/loading.lua:101]: Preload file at: file:///Users/ryonagamatsu/.config/nvim/lua/plugins/coc.lua , size = 0.172 KB
[11:35:18.106][info] [#0:script/workspace/loading.lua:101]: Preload file at: file:///Users/ryonagamatsu/.config/nvim/lua/plugins/markdown-preview.lua , size = 0.198 KB
[11:35:18.106][info] [#0:script/workspace/loading.lua:101]: Preload file at: file:///Users/ryonagamatsu/.config/nvim/lua/plugins/alpha.lua , size = 9.245 KB
[11:35:18.109][info] [#0:script/workspace/loading.lua:101]: Preload file at: file:///Users/ryonagamatsu/.config/nvim/lua/plugins/lualine.lua , size = 1.393 KB
[11:35:18.109][info] [#0:script/workspace/loading.lua:101]: Preload file at: file:///Users/ryonagamatsu/.config/nvim/lua/plugins/smooth-cursor.lua , size = 0.101 KB
[11:35:18.109][info] [#0:script/workspace/loading.lua:101]: Preload file at: file:///Users/ryonagamatsu/.config/nvim/lua/plugins/comment-nvim.lua , size = 0.169 KB
[11:35:18.110][info] [#0:script/workspace/loading.lua:101]: Preload file at: file:///Users/ryonagamatsu/.config/nvim/lua/plugins/gitsigns.lua , size = 2.389 KB
[11:35:18.111][info] [#0:script/workspace/loading.lua:101]: Preload file at: file:///Users/ryonagamatsu/.config/nvim/lua/plugins/registers.lua , size = 0.169 KB
[11:35:18.111][info] [#0:script/workspace/loading.lua:101]: Preload file at: file:///Users/ryonagamatsu/.config/nvim/lua/plugins/vimdoc-jp.lua , size = 0.130 KB
[11:35:18.111][info] [#0:script/workspace/loading.lua:101]: Preload file at: file:///Users/ryonagamatsu/.config/nvim/lua/plugins/tokyo-night.lua , size = 0.084 KB
[11:35:18.111][info] [#0:script/workspace/loading.lua:101]: Preload file at: file:///Users/ryonagamatsu/.config/nvim/lua/plugins/treesitter.lua , size = 0.721 KB
[11:35:18.112][info] [#0:script/workspace/loading.lua:101]: Preload file at: file:///Users/ryonagamatsu/.config/nvim/lua/plugins/indent-blankline.lua , size = 0.071 KB
[11:35:18.112][info] [#0:script/workspace/loading.lua:101]: Preload file at: file:///Users/ryonagamatsu/.config/nvim/lua/plugins/jest.lua , size = 0.095 KB
[11:35:18.112][info] [#0:script/workspace/loading.lua:101]: Preload file at: file:///Users/ryonagamatsu/.config/nvim/lua/plugins/hlslens.lua , size = 0.853 KB
[11:35:18.113][info] [#0:script/workspace/loading.lua:101]: Preload file at: file:///Users/ryonagamatsu/.config/nvim/lua/plugins/fm-nvim.lua , size = 0.251 KB
[11:35:18.116][info] [#0:script/workspace/loading.lua:101]: Preload file at: file:///Users/ryonagamatsu/.config/nvim/lua/plugins/bookmarks.lua , size = 0.042 KB
[11:35:18.116][info] [#0:script/workspace/loading.lua:101]: Preload file at: file:///Users/ryonagamatsu/.config/nvim/lua/plugins/scrollbar.lua , size = 0.102 KB
[11:35:18.117][info] [#0:script/workspace/loading.lua:101]: Preload file at: file:///Users/ryonagamatsu/.config/nvim/lua/plugins/hop.lua , size = 0.097 KB
[11:35:18.117][info] [#0:script/workspace/loading.lua:101]: Preload file at: file:///Users/ryonagamatsu/.config/nvim/lua/plugin.lua , size = 0.914 KB
[11:35:18.118][info] [#0:script/workspace/loading.lua:101]: Preload file at: file:///Users/ryonagamatsu/.config/nvim/lua/nvim-tree.lua , size = 0.457 KB
[11:35:18.118][info] [#0:script/workspace/loading.lua:101]: Preload file at: file:///Users/ryonagamatsu/.config/nvim/lua/options.lua , size = 1.587 KB
[11:35:18.119][info] [#0:script/workspace/loading.lua:101]: Preload file at: file:///Users/ryonagamatsu/.config/nvim/lua/lazyvim.lua , size = 0.661 KB
[11:35:18.222][info] [#0:script/workspace/loading.lua:173]: Loaded files takes [0.072] sec: <fallback>
[11:35:18.222][info] [#0:script/workspace/loading.lua:182]: Compile files takes [0.000] sec: <fallback>
[11:35:18.222][info] [#0:script/workspace/loading.lua:183]: Loaded finish:	<fallback>
[11:35:18.222][info] [#0:script/workspace/workspace.lua:381]: Preload finish at:	<fallback>
[11:35:18.242][info] [#0:script/workspace/loading.lua:173]: Loaded files takes [0.083] sec: file:///Users/ryonagamatsu/.config/nvim
[11:35:18.242][info] [#0:script/workspace/loading.lua:182]: Compile files takes [0.000] sec: file:///Users/ryonagamatsu/.config/nvim
[11:35:18.242][info] [#0:script/workspace/loading.lua:183]: Loaded finish:	file:///Users/ryonagamatsu/.config/nvim
[11:35:18.242][info] [#0:script/workspace/workspace.lua:381]: Preload finish at:	file:///Users/ryonagamatsu/.config/nvim
[11:35:18.247][warn] [#0:script/proto/proto.lua:141]: Response of [workspace/diagnostic/refresh] error [-32601]: Unhandled method workspace/diagnostic/refresh
[11:35:18.248][info] [#0:script/provider/diagnostic.lua:557]: Diagnostics scope [file:///Users/ryonagamatsu/.config/nvim], files count:[42]
[11:35:18.249][warn] [#0:script/proto/proto.lua:141]: Response of [workspace/diagnostic/refresh] error [-32601]: Unhandled method workspace/diagnostic/refresh
[11:35:18.366][info] [#0:script/provider/diagnostic.lua:574]: Diagnostics scope [file:///Users/ryonagamatsu/.config/nvim] finished, takes [0.100] sec.
[11:45:17.195][info] [#0:script/service/service.lua:144]: 
========= Medical Examination Report =========
    --------------- Memory ---------------
        Total: 9.619 MB
        # 00 : 9.289 MB
        # 01 : 0.106 MB
        # 02 : 0.119 MB
        # 03 : 0.053 MB
        # 04 : 0.053 MB
    --------------- Coroutine ---------------
        Total:     134
        Running:   0
        Suspended: 0
        Normal:    0
        Dead:      134
    --------------- Cache ---------------
        Total: 1
        Dead:  0
    ---------------  RPC  ---------------
        Holdon:   0
        Waiting:  0
==============================================
[11:55:17.262][info] [#0:script/service/service.lua:144]: 
========= Medical Examination Report =========
    --------------- Memory ---------------
        Total: 10.436 MB
        # 00 : 10.105 MB
        # 01 : 0.106 MB
        # 02 : 0.119 MB
        # 03 : 0.053 MB
        # 04 : 0.053 MB
    --------------- Coroutine ---------------
        Total:     134
        Running:   0
        Suspended: 0
        Normal:    0
        Dead:      134
    --------------- Cache ---------------
        Total: 1
        Dead:  0
    ---------------  RPC  ---------------
        Holdon:   0
        Waiting:  0
==============================================
[12:05:18.100][info] [#0:script/service/service.lua:144]: 
========= Medical Examination Report =========
    --------------- Memory ---------------
        Total: 11.255 MB
        # 00 : 10.924 MB
        # 01 : 0.106 MB
        # 02 : 0.119 MB
        # 03 : 0.053 MB
        # 04 : 0.053 MB
    --------------- Coroutine ---------------
        Total:     134
        Running:   0
        Suspended: 0
        Normal:    0
        Dead:      134
    --------------- Cache ---------------
        Total: 1
        Dead:  0
    ---------------  RPC  ---------------
        Holdon:   0
        Waiting:  0
==============================================
[12:15:18.156][info] [#0:script/service/service.lua:144]: 
========= Medical Examination Report =========
    --------------- Memory ---------------
        Total: 12.071 MB
        # 00 : 11.740 MB
        # 01 : 0.106 MB
        # 02 : 0.119 MB
        # 03 : 0.053 MB
        # 04 : 0.053 MB
    --------------- Coroutine ---------------
        Total:     134
        Running:   0
        Suspended: 0
        Normal:    0
        Dead:      134
    --------------- Cache ---------------
        Total: 1
        Dead:  0
    ---------------  RPC  ---------------
        Holdon:   0
        Waiting:  0
==============================================
[12:25:18.187][info] [#0:script/service/service.lua:144]: 
========= Medical Examination Report =========
    --------------- Memory ---------------
        Total: 12.887 MB
        # 00 : 12.556 MB
        # 01 : 0.106 MB
        # 02 : 0.119 MB
        # 03 : 0.053 MB
        # 04 : 0.053 MB
    --------------- Coroutine ---------------
        Total:     134
        Running:   0
        Suspended: 0
        Normal:    0
        Dead:      134
    --------------- Cache ---------------
        Total: 1
        Dead:  0
    ---------------  RPC  ---------------
        Holdon:   0
        Waiting:  0
==============================================
[12:35:18.240][info] [#0:script/service/service.lua:144]: 
========= Medical Examination Report =========
    --------------- Memory ---------------
        Total: 13.701 MB
        # 00 : 13.370 MB
        # 01 : 0.106 MB
        # 02 : 0.119 MB
        # 03 : 0.053 MB
        # 04 : 0.053 MB
    --------------- Coroutine ---------------
        Total:     134
        Running:   0
        Suspended: 0
        Normal:    0
        Dead:      134
    --------------- Cache ---------------
        Total: 1
        Dead:  0
    ---------------  RPC  ---------------
        Holdon:   0
        Waiting:  0
==============================================
[12:45:18.315][info] [#0:script/service/service.lua:144]: 
========= Medical Examination Report =========
    --------------- Memory ---------------
        Total: 14.517 MB
        # 00 : 14.186 MB
        # 01 : 0.106 MB
        # 02 : 0.119 MB
        # 03 : 0.053 MB
        # 04 : 0.053 MB
    --------------- Coroutine ---------------
        Total:     134
        Running:   0
        Suspended: 0
        Normal:    0
        Dead:      134
    --------------- Cache ---------------
        Total: 1
        Dead:  0
    ---------------  RPC  ---------------
        Holdon:   0
        Waiting:  0
==============================================
[12:55:18.336][info] [#0:script/service/service.lua:144]: 
========= Medical Examination Report =========
    --------------- Memory ---------------
        Total: 7.923 MB
        # 00 : 7.593 MB
        # 01 : 0.106 MB
        # 02 : 0.119 MB
        # 03 : 0.053 MB
        # 04 : 0.053 MB
    --------------- Coroutine ---------------
        Total:     0
        Running:   0
        Suspended: 0
        Normal:    0
        Dead:      0
    --------------- Cache ---------------
        Total: 1
        Dead:  0
    ---------------  RPC  ---------------
        Holdon:   0
        Waiting:  0
==============================================
[13:05:18.369][info] [#0:script/service/service.lua:144]: 
========= Medical Examination Report =========
    --------------- Memory ---------------
        Total: 8.738 MB
        # 00 : 8.407 MB
        # 01 : 0.106 MB
        # 02 : 0.119 MB
        # 03 : 0.053 MB
        # 04 : 0.053 MB
    --------------- Coroutine ---------------
        Total:     0
        Running:   0
        Suspended: 0
        Normal:    0
        Dead:      0
    --------------- Cache ---------------
        Total: 1
        Dead:  0
    ---------------  RPC  ---------------
        Holdon:   0
        Waiting:  0
==============================================
[13:15:18.418][info] [#0:script/service/service.lua:144]: 
========= Medical Examination Report =========
    --------------- Memory ---------------
        Total: 9.553 MB
        # 00 : 9.222 MB
        # 01 : 0.106 MB
        # 02 : 0.119 MB
        # 03 : 0.053 MB
        # 04 : 0.053 MB
    --------------- Coroutine ---------------
        Total:     0
        Running:   0
        Suspended: 0
        Normal:    0
        Dead:      0
    --------------- Cache ---------------
        Total: 1
        Dead:  0
    ---------------  RPC  ---------------
        Holdon:   0
        Waiting:  0
==============================================
[13:25:18.453][info] [#0:script/service/service.lua:144]: 
========= Medical Examination Report =========
    --------------- Memory ---------------
        Total: 10.369 MB
        # 00 : 10.038 MB
        # 01 : 0.106 MB
        # 02 : 0.119 MB
        # 03 : 0.053 MB
        # 04 : 0.053 MB
    --------------- Coroutine ---------------
        Total:     0
        Running:   0
        Suspended: 0
        Normal:    0
        Dead:      0
    --------------- Cache ---------------
        Total: 1
        Dead:  0
    ---------------  RPC  ---------------
        Holdon:   0
        Waiting:  0
==============================================
[13:35:19.204][info] [#0:script/service/service.lua:144]: 
========= Medical Examination Report =========
    --------------- Memory ---------------
        Total: 11.188 MB
        # 00 : 10.857 MB
        # 01 : 0.106 MB
        # 02 : 0.119 MB
        # 03 : 0.053 MB
        # 04 : 0.053 MB
    --------------- Coroutine ---------------
        Total:     0
        Running:   0
        Suspended: 0
        Normal:    0
        Dead:      0
    --------------- Cache ---------------
        Total: 1
        Dead:  0
    ---------------  RPC  ---------------
        Holdon:   0
        Waiting:  0
==============================================
[13:45:19.208][info] [#0:script/service/service.lua:144]: 
========= Medical Examination Report =========
    --------------- Memory ---------------
        Total: 12.004 MB
        # 00 : 11.673 MB
        # 01 : 0.106 MB
        # 02 : 0.119 MB
        # 03 : 0.053 MB
        # 04 : 0.053 MB
    --------------- Coroutine ---------------
        Total:     0
        Running:   0
        Suspended: 0
        Normal:    0
        Dead:      0
    --------------- Cache ---------------
        Total: 1
        Dead:  0
    ---------------  RPC  ---------------
        Holdon:   0
        Waiting:  0
==============================================
[13:55:19.223][info] [#0:script/service/service.lua:144]: 
========= Medical Examination Report =========
    --------------- Memory ---------------
        Total: 12.818 MB
        # 00 : 12.487 MB
        # 01 : 0.106 MB
        # 02 : 0.119 MB
        # 03 : 0.053 MB
        # 04 : 0.053 MB
    --------------- Coroutine ---------------
        Total:     0
        Running:   0
        Suspended: 0
        Normal:    0
        Dead:      0
    --------------- Cache ---------------
        Total: 1
        Dead:  0
    ---------------  RPC  ---------------
        Holdon:   0
        Waiting:  0
==============================================
[14:05:19.317][info] [#0:script/service/service.lua:144]: 
========= Medical Examination Report =========
    --------------- Memory ---------------
        Total: 13.634 MB
        # 00 : 13.303 MB
        # 01 : 0.106 MB
        # 02 : 0.119 MB
        # 03 : 0.053 MB
        # 04 : 0.053 MB
    --------------- Coroutine ---------------
        Total:     0
        Running:   0
        Suspended: 0
        Normal:    0
        Dead:      0
    --------------- Cache ---------------
        Total: 1
        Dead:  0
    ---------------  RPC  ---------------
        Holdon:   0
        Waiting:  0
==============================================
[14:15:19.392][info] [#0:script/service/service.lua:144]: 
========= Medical Examination Report =========
    --------------- Memory ---------------
        Total: 14.450 MB
        # 00 : 14.119 MB
        # 01 : 0.106 MB
        # 02 : 0.119 MB
        # 03 : 0.053 MB
        # 04 : 0.053 MB
    --------------- Coroutine ---------------
        Total:     0
        Running:   0
        Suspended: 0
        Normal:    0
        Dead:      0
    --------------- Cache ---------------
        Total: 1
        Dead:  0
    ---------------  RPC  ---------------
        Holdon:   0
        Waiting:  0
==============================================
[14:25:19.467][info] [#0:script/service/service.lua:144]: 
========= Medical Examination Report =========
    --------------- Memory ---------------
        Total: 7.925 MB
        # 00 : 7.594 MB
        # 01 : 0.106 MB
        # 02 : 0.119 MB
        # 03 : 0.053 MB
        # 04 : 0.053 MB
    --------------- Coroutine ---------------
        Total:     0
        Running:   0
        Suspended: 0
        Normal:    0
        Dead:      0
    --------------- Cache ---------------
        Total: 1
        Dead:  0
    ---------------  RPC  ---------------
        Holdon:   0
        Waiting:  0
==============================================
[14:35:19.514][info] [#0:script/service/service.lua:144]: 
========= Medical Examination Report =========
    --------------- Memory ---------------
        Total: 8.011 MB
        # 00 : 7.680 MB
        # 01 : 0.106 MB
        # 02 : 0.119 MB
        # 03 : 0.053 MB
        # 04 : 0.053 MB
    --------------- Coroutine ---------------
        Total:     0
        Running:   0
        Suspended: 0
        Normal:    0
        Dead:      0
    --------------- Cache ---------------
        Total: 1
        Dead:  0
    ---------------  RPC  ---------------
        Holdon:   0
        Waiting:  0
==============================================
[14:45:19.841][info] [#0:script/service/service.lua:144]: 
========= Medical Examination Report =========
    --------------- Memory ---------------
        Total: 8.096 MB
        # 00 : 7.765 MB
        # 01 : 0.106 MB
        # 02 : 0.119 MB
        # 03 : 0.053 MB
        # 04 : 0.053 MB
    --------------- Coroutine ---------------
        Total:     0
        Running:   0
        Suspended: 0
        Normal:    0
        Dead:      0
    --------------- Cache ---------------
        Total: 1
        Dead:  0
    ---------------  RPC  ---------------
        Holdon:   0
        Waiting:  0
==============================================
[14:55:20.043][info] [#0:script/service/service.lua:144]: 
========= Medical Examination Report =========
    --------------- Memory ---------------
        Total: 8.178 MB
        # 00 : 7.847 MB
        # 01 : 0.106 MB
        # 02 : 0.119 MB
        # 03 : 0.053 MB
        # 04 : 0.053 MB
    --------------- Coroutine ---------------
        Total:     0
        Running:   0
        Suspended: 0
        Normal:    0
        Dead:      0
    --------------- Cache ---------------
        Total: 1
        Dead:  0
    ---------------  RPC  ---------------
        Holdon:   0
        Waiting:  0
==============================================
[15:05:20.142][info] [#0:script/service/service.lua:144]: 
========= Medical Examination Report =========
    --------------- Memory ---------------
        Total: 8.259 MB
        # 00 : 7.929 MB
        # 01 : 0.106 MB
        # 02 : 0.119 MB
        # 03 : 0.053 MB
        # 04 : 0.053 MB
    --------------- Coroutine ---------------
        Total:     0
        Running:   0
        Suspended: 0
        Normal:    0
        Dead:      0
    --------------- Cache ---------------
        Total: 1
        Dead:  0
    ---------------  RPC  ---------------
        Holdon:   0
        Waiting:  0
==============================================
[15:15:20.360][info] [#0:script/service/service.lua:144]: 
========= Medical Examination Report =========
    --------------- Memory ---------------
        Total: 8.341 MB
        # 00 : 8.010 MB
        # 01 : 0.106 MB
        # 02 : 0.119 MB
        # 03 : 0.053 MB
        # 04 : 0.053 MB
    --------------- Coroutine ---------------
        Total:     0
        Running:   0
        Suspended: 0
        Normal:    0
        Dead:      0
    --------------- Cache ---------------
        Total: 1
        Dead:  0
    ---------------  RPC  ---------------
        Holdon:   0
        Waiting:  0
==============================================
[15:25:20.540][info] [#0:script/service/service.lua:144]: 
========= Medical Examination Report =========
    --------------- Memory ---------------
        Total: 7.690 MB
        # 00 : 7.359 MB
        # 01 : 0.106 MB
        # 02 : 0.119 MB
        # 03 : 0.053 MB
        # 04 : 0.053 MB
    --------------- Coroutine ---------------
        Total:     0
        Running:   0
        Suspended: 0
        Normal:    0
        Dead:      0
    --------------- Cache ---------------
        Total: 1
        Dead:  0
    ---------------  RPC  ---------------
        Holdon:   0
        Waiting:  0
==============================================
[15:35:20.744][info] [#0:script/service/service.lua:144]: 
========= Medical Examination Report =========
    --------------- Memory ---------------
        Total: 7.771 MB
        # 00 : 7.441 MB
        # 01 : 0.106 MB
        # 02 : 0.119 MB
        # 03 : 0.053 MB
        # 04 : 0.053 MB
    --------------- Coroutine ---------------
        Total:     0
        Running:   0
        Suspended: 0
        Normal:    0
        Dead:      0
    --------------- Cache ---------------
        Total: 1
        Dead:  0
    ---------------  RPC  ---------------
        Holdon:   0
        Waiting:  0
==============================================
[15:45:21.393][info] [#0:script/service/service.lua:144]: 
========= Medical Examination Report =========
    --------------- Memory ---------------
        Total: 7.857 MB
        # 00 : 7.526 MB
        # 01 : 0.106 MB
        # 02 : 0.119 MB
        # 03 : 0.053 MB
        # 04 : 0.053 MB
    --------------- Coroutine ---------------
        Total:     0
        Running:   0
        Suspended: 0
        Normal:    0
        Dead:      0
    --------------- Cache ---------------
        Total: 1
        Dead:  0
    ---------------  RPC  ---------------
        Holdon:   0
        Waiting:  0
==============================================
[15:55:21.443][info] [#0:script/service/service.lua:144]: 
========= Medical Examination Report =========
    --------------- Memory ---------------
        Total: 7.941 MB
        # 00 : 7.610 MB
        # 01 : 0.106 MB
        # 02 : 0.119 MB
        # 03 : 0.053 MB
        # 04 : 0.053 MB
    --------------- Coroutine ---------------
        Total:     0
        Running:   0
        Suspended: 0
        Normal:    0
        Dead:      0
    --------------- Cache ---------------
        Total: 1
        Dead:  0
    ---------------  RPC  ---------------
        Holdon:   0
        Waiting:  0
==============================================
[16:05:21.600][info] [#0:script/service/service.lua:144]: 
========= Medical Examination Report =========
    --------------- Memory ---------------
        Total: 8.024 MB
        # 00 : 7.693 MB
        # 01 : 0.106 MB
        # 02 : 0.119 MB
        # 03 : 0.053 MB
        # 04 : 0.053 MB
    --------------- Coroutine ---------------
        Total:     0
        Running:   0
        Suspended: 0
        Normal:    0
        Dead:      0
    --------------- Cache ---------------
        Total: 1
        Dead:  0
    ---------------  RPC  ---------------
        Holdon:   0
        Waiting:  0
==============================================
[16:15:21.657][info] [#0:script/service/service.lua:144]: 
========= Medical Examination Report =========
    --------------- Memory ---------------
        Total: 8.107 MB
        # 00 : 7.776 MB
        # 01 : 0.106 MB
        # 02 : 0.119 MB
        # 03 : 0.053 MB
        # 04 : 0.053 MB
    --------------- Coroutine ---------------
        Total:     0
        Running:   0
        Suspended: 0
        Normal:    0
        Dead:      0
    --------------- Cache ---------------
        Total: 1
        Dead:  0
    ---------------  RPC  ---------------
        Holdon:   0
        Waiting:  0
==============================================
[16:25:21.731][info] [#0:script/service/service.lua:144]: 
========= Medical Examination Report =========
    --------------- Memory ---------------
        Total: 8.191 MB
        # 00 : 7.860 MB
        # 01 : 0.106 MB
        # 02 : 0.119 MB
        # 03 : 0.053 MB
        # 04 : 0.053 MB
    --------------- Coroutine ---------------
        Total:     0
        Running:   0
        Suspended: 0
        Normal:    0
        Dead:      0
    --------------- Cache ---------------
        Total: 1
        Dead:  0
    ---------------  RPC  ---------------
        Holdon:   0
        Waiting:  0
==============================================
[16:35:21.794][info] [#0:script/service/service.lua:144]: 
========= Medical Examination Report =========
    --------------- Memory ---------------
        Total: 8.273 MB
        # 00 : 7.943 MB
        # 01 : 0.106 MB
        # 02 : 0.119 MB
        # 03 : 0.053 MB
        # 04 : 0.053 MB
    --------------- Coroutine ---------------
        Total:     0
        Running:   0
        Suspended: 0
        Normal:    0
        Dead:      0
    --------------- Cache ---------------
        Total: 1
        Dead:  0
    ---------------  RPC  ---------------
        Holdon:   0
        Waiting:  0
==============================================
[16:45:21.801][info] [#0:script/service/service.lua:144]: 
========= Medical Examination Report =========
    --------------- Memory ---------------
        Total: 8.356 MB
        # 00 : 8.025 MB
        # 01 : 0.106 MB
        # 02 : 0.119 MB
        # 03 : 0.053 MB
        # 04 : 0.053 MB
    --------------- Coroutine ---------------
        Total:     0
        Running:   0
        Suspended: 0
        Normal:    0
        Dead:      0
    --------------- Cache ---------------
        Total: 1
        Dead:  0
    ---------------  RPC  ---------------
        Holdon:   0
        Waiting:  0
==============================================
[16:55:21.848][info] [#0:script/service/service.lua:144]: 
========= Medical Examination Report =========
    --------------- Memory ---------------
        Total: 7.703 MB
        # 00 : 7.372 MB
        # 01 : 0.106 MB
        # 02 : 0.119 MB
        # 03 : 0.053 MB
        # 04 : 0.053 MB
    --------------- Coroutine ---------------
        Total:     0
        Running:   0
        Suspended: 0
        Normal:    0
        Dead:      0
    --------------- Cache ---------------
        Total: 1
        Dead:  0
    ---------------  RPC  ---------------
        Holdon:   0
        Waiting:  0
==============================================
[17:05:21.916][info] [#0:script/service/service.lua:144]: 
========= Medical Examination Report =========
    --------------- Memory ---------------
        Total: 7.788 MB
        # 00 : 7.457 MB
        # 01 : 0.106 MB
        # 02 : 0.119 MB
        # 03 : 0.053 MB
        # 04 : 0.053 MB
    --------------- Coroutine ---------------
        Total:     0
        Running:   0
        Suspended: 0
        Normal:    0
        Dead:      0
    --------------- Cache ---------------
        Total: 1
        Dead:  0
    ---------------  RPC  ---------------
        Holdon:   0
        Waiting:  0
==============================================
[17:15:21.986][info] [#0:script/service/service.lua:144]: 
========= Medical Examination Report =========
    --------------- Memory ---------------
        Total: 7.871 MB
        # 00 : 7.540 MB
        # 01 : 0.106 MB
        # 02 : 0.119 MB
        # 03 : 0.053 MB
        # 04 : 0.053 MB
    --------------- Coroutine ---------------
        Total:     0
        Running:   0
        Suspended: 0
        Normal:    0
        Dead:      0
    --------------- Cache ---------------
        Total: 1
        Dead:  0
    ---------------  RPC  ---------------
        Holdon:   0
        Waiting:  0
==============================================
[17:25:22.003][info] [#0:script/service/service.lua:144]: 
========= Medical Examination Report =========
    --------------- Memory ---------------
        Total: 7.953 MB
        # 00 : 7.623 MB
        # 01 : 0.106 MB
        # 02 : 0.119 MB
        # 03 : 0.053 MB
        # 04 : 0.053 MB
    --------------- Coroutine ---------------
        Total:     0
        Running:   0
        Suspended: 0
        Normal:    0
        Dead:      0
    --------------- Cache ---------------
        Total: 1
        Dead:  0
    ---------------  RPC  ---------------
        Holdon:   0
        Waiting:  0
==============================================
[17:35:22.065][info] [#0:script/service/service.lua:144]: 
========= Medical Examination Report =========
    --------------- Memory ---------------
        Total: 8.033 MB
        # 00 : 7.703 MB
        # 01 : 0.106 MB
        # 02 : 0.119 MB
        # 03 : 0.053 MB
        # 04 : 0.053 MB
    --------------- Coroutine ---------------
        Total:     0
        Running:   0
        Suspended: 0
        Normal:    0
        Dead:      0
    --------------- Cache ---------------
        Total: 1
        Dead:  0
    ---------------  RPC  ---------------
        Holdon:   0
        Waiting:  0
==============================================
[17:45:22.137][info] [#0:script/service/service.lua:144]: 
========= Medical Examination Report =========
    --------------- Memory ---------------
        Total: 8.114 MB
        # 00 : 7.783 MB
        # 01 : 0.106 MB
        # 02 : 0.119 MB
        # 03 : 0.053 MB
        # 04 : 0.053 MB
    --------------- Coroutine ---------------
        Total:     0
        Running:   0
        Suspended: 0
        Normal:    0
        Dead:      0
    --------------- Cache ---------------
        Total: 1
        Dead:  0
    ---------------  RPC  ---------------
        Holdon:   0
        Waiting:  0
==============================================
[17:55:22.206][info] [#0:script/service/service.lua:144]: 
========= Medical Examination Report =========
    --------------- Memory ---------------
        Total: 8.195 MB
        # 00 : 7.864 MB
        # 01 : 0.106 MB
        # 02 : 0.119 MB
        # 03 : 0.053 MB
        # 04 : 0.053 MB
    --------------- Coroutine ---------------
        Total:     0
        Running:   0
        Suspended: 0
        Normal:    0
        Dead:      0
    --------------- Cache ---------------
        Total: 1
        Dead:  0
    ---------------  RPC  ---------------
        Holdon:   0
        Waiting:  0
==============================================
[18:05:22.260][info] [#0:script/service/service.lua:144]: 
========= Medical Examination Report =========
    --------------- Memory ---------------
        Total: 8.277 MB
        # 00 : 7.946 MB
        # 01 : 0.106 MB
        # 02 : 0.119 MB
        # 03 : 0.053 MB
        # 04 : 0.053 MB
    --------------- Coroutine ---------------
        Total:     0
        Running:   0
        Suspended: 0
        Normal:    0
        Dead:      0
    --------------- Cache ---------------
        Total: 1
        Dead:  0
    ---------------  RPC  ---------------
        Holdon:   0
        Waiting:  0
==============================================
[18:15:22.821][info] [#0:script/service/service.lua:144]: 
========= Medical Examination Report =========
    --------------- Memory ---------------
        Total: 8.358 MB
        # 00 : 8.027 MB
        # 01 : 0.106 MB
        # 02 : 0.119 MB
        # 03 : 0.053 MB
        # 04 : 0.053 MB
    --------------- Coroutine ---------------
        Total:     0
        Running:   0
        Suspended: 0
        Normal:    0
        Dead:      0
    --------------- Cache ---------------
        Total: 1
        Dead:  0
    ---------------  RPC  ---------------
        Holdon:   0
        Waiting:  0
==============================================
[18:25:23.714][info] [#0:script/service/service.lua:144]: 
========= Medical Examination Report =========
    --------------- Memory ---------------
        Total: 8.439 MB
        # 00 : 8.109 MB
        # 01 : 0.106 MB
        # 02 : 0.119 MB
        # 03 : 0.053 MB
        # 04 : 0.053 MB
    --------------- Coroutine ---------------
        Total:     0
        Running:   0
        Suspended: 0
        Normal:    0
        Dead:      0
    --------------- Cache ---------------
        Total: 1
        Dead:  0
    ---------------  RPC  ---------------
        Holdon:   0
        Waiting:  0
==============================================
[18:35:24.507][info] [#0:script/service/service.lua:144]: 
========= Medical Examination Report =========
    --------------- Memory ---------------
        Total: 7.784 MB
        # 00 : 7.454 MB
        # 01 : 0.106 MB
        # 02 : 0.119 MB
        # 03 : 0.053 MB
        # 04 : 0.053 MB
    --------------- Coroutine ---------------
        Total:     0
        Running:   0
        Suspended: 0
        Normal:    0
        Dead:      0
    --------------- Cache ---------------
        Total: 1
        Dead:  0
    ---------------  RPC  ---------------
        Holdon:   0
        Waiting:  0
==============================================
[18:45:24.573][info] [#0:script/service/service.lua:144]: 
========= Medical Examination Report =========
    --------------- Memory ---------------
        Total: 7.867 MB
        # 00 : 7.536 MB
        # 01 : 0.106 MB
        # 02 : 0.119 MB
        # 03 : 0.053 MB
        # 04 : 0.053 MB
    --------------- Coroutine ---------------
        Total:     0
        Running:   0
        Suspended: 0
        Normal:    0
        Dead:      0
    --------------- Cache ---------------
        Total: 1
        Dead:  0
    ---------------  RPC  ---------------
        Holdon:   0
        Waiting:  0
==============================================
[18:55:24.591][info] [#0:script/service/service.lua:144]: 
========= Medical Examination Report =========
    --------------- Memory ---------------
        Total: 7.947 MB
        # 00 : 7.616 MB
        # 01 : 0.106 MB
        # 02 : 0.119 MB
        # 03 : 0.053 MB
        # 04 : 0.053 MB
    --------------- Coroutine ---------------
        Total:     0
        Running:   0
        Suspended: 0
        Normal:    0
        Dead:      0
    --------------- Cache ---------------
        Total: 1
        Dead:  0
    ---------------  RPC  ---------------
        Holdon:   0
        Waiting:  0
==============================================
[19:05:24.595][info] [#0:script/service/service.lua:144]: 
========= Medical Examination Report =========
    --------------- Memory ---------------
        Total: 8.027 MB
        # 00 : 7.696 MB
        # 01 : 0.106 MB
        # 02 : 0.119 MB
        # 03 : 0.053 MB
        # 04 : 0.053 MB
    --------------- Coroutine ---------------
        Total:     0
        Running:   0
        Suspended: 0
        Normal:    0
        Dead:      0
    --------------- Cache ---------------
        Total: 1
        Dead:  0
    ---------------  RPC  ---------------
        Holdon:   0
        Waiting:  0
==============================================
[19:15:24.629][info] [#0:script/service/service.lua:144]: 
========= Medical Examination Report =========
    --------------- Memory ---------------
        Total: 8.107 MB
        # 00 : 7.776 MB
        # 01 : 0.106 MB
        # 02 : 0.119 MB
        # 03 : 0.053 MB
        # 04 : 0.053 MB
    --------------- Coroutine ---------------
        Total:     0
        Running:   0
        Suspended: 0
        Normal:    0
        Dead:      0
    --------------- Cache ---------------
        Total: 1
        Dead:  0
    ---------------  RPC  ---------------
        Holdon:   0
        Waiting:  0
==============================================
[19:25:24.649][info] [#0:script/service/service.lua:144]: 
========= Medical Examination Report =========
    --------------- Memory ---------------
        Total: 8.187 MB
        # 00 : 7.857 MB
        # 01 : 0.106 MB
        # 02 : 0.119 MB
        # 03 : 0.053 MB
        # 04 : 0.053 MB
    --------------- Coroutine ---------------
        Total:     0
        Running:   0
        Suspended: 0
        Normal:    0
        Dead:      0
    --------------- Cache ---------------
        Total: 1
        Dead:  0
    ---------------  RPC  ---------------
        Holdon:   0
        Waiting:  0
==============================================
[19:35:25.547][info] [#0:script/service/service.lua:144]: 
========= Medical Examination Report =========
    --------------- Memory ---------------
        Total: 8.267 MB
        # 00 : 7.936 MB
        # 01 : 0.106 MB
        # 02 : 0.119 MB
        # 03 : 0.053 MB
        # 04 : 0.053 MB
    --------------- Coroutine ---------------
        Total:     0
        Running:   0
        Suspended: 0
        Normal:    0
        Dead:      0
    --------------- Cache ---------------
        Total: 1
        Dead:  0
    ---------------  RPC  ---------------
        Holdon:   0
        Waiting:  0
==============================================
[19:45:25.686][info] [#0:script/service/service.lua:144]: 
========= Medical Examination Report =========
    --------------- Memory ---------------
        Total: 8.346 MB
        # 00 : 8.016 MB
        # 01 : 0.106 MB
        # 02 : 0.119 MB
        # 03 : 0.053 MB
        # 04 : 0.053 MB
    --------------- Coroutine ---------------
        Total:     0
        Running:   0
        Suspended: 0
        Normal:    0
        Dead:      0
    --------------- Cache ---------------
        Total: 1
        Dead:  0
    ---------------  RPC  ---------------
        Holdon:   0
        Waiting:  0
==============================================
[19:55:25.788][info] [#0:script/service/service.lua:144]: 
========= Medical Examination Report =========
    --------------- Memory ---------------
        Total: 8.426 MB
        # 00 : 8.096 MB
        # 01 : 0.106 MB
        # 02 : 0.119 MB
        # 03 : 0.053 MB
        # 04 : 0.053 MB
    --------------- Coroutine ---------------
        Total:     0
        Running:   0
        Suspended: 0
        Normal:    0
        Dead:      0
    --------------- Cache ---------------
        Total: 1
        Dead:  0
    ---------------  RPC  ---------------
        Holdon:   0
        Waiting:  0
==============================================
[20:05:26.159][info] [#0:script/service/service.lua:144]: 
========= Medical Examination Report =========
    --------------- Memory ---------------
        Total: 7.769 MB
        # 00 : 7.439 MB
        # 01 : 0.106 MB
        # 02 : 0.119 MB
        # 03 : 0.053 MB
        # 04 : 0.053 MB
    --------------- Coroutine ---------------
        Total:     0
        Running:   0
        Suspended: 0
        Normal:    0
        Dead:      0
    --------------- Cache ---------------
        Total: 1
        Dead:  0
    ---------------  RPC  ---------------
        Holdon:   0
        Waiting:  0
==============================================
[20:15:26.237][info] [#0:script/service/service.lua:144]: 
========= Medical Examination Report =========
    --------------- Memory ---------------
        Total: 7.847 MB
        # 00 : 7.516 MB
        # 01 : 0.106 MB
        # 02 : 0.119 MB
        # 03 : 0.053 MB
        # 04 : 0.053 MB
    --------------- Coroutine ---------------
        Total:     0
        Running:   0
        Suspended: 0
        Normal:    0
        Dead:      0
    --------------- Cache ---------------
        Total: 1
        Dead:  0
    ---------------  RPC  ---------------
        Holdon:   0
        Waiting:  0
==============================================
[20:25:26.325][info] [#0:script/service/service.lua:144]: 
========= Medical Examination Report =========
    --------------- Memory ---------------
        Total: 7.923 MB
        # 00 : 7.593 MB
        # 01 : 0.106 MB
        # 02 : 0.119 MB
        # 03 : 0.053 MB
        # 04 : 0.053 MB
    --------------- Coroutine ---------------
        Total:     0
        Running:   0
        Suspended: 0
        Normal:    0
        Dead:      0
    --------------- Cache ---------------
        Total: 1
        Dead:  0
    ---------------  RPC  ---------------
        Holdon:   0
        Waiting:  0
==============================================
[20:35:26.428][info] [#0:script/service/service.lua:144]: 
========= Medical Examination Report =========
    --------------- Memory ---------------
        Total: 7.999 MB
        # 00 : 7.669 MB
        # 01 : 0.106 MB
        # 02 : 0.119 MB
        # 03 : 0.053 MB
        # 04 : 0.053 MB
    --------------- Coroutine ---------------
        Total:     0
        Running:   0
        Suspended: 0
        Normal:    0
        Dead:      0
    --------------- Cache ---------------
        Total: 1
        Dead:  0
    ---------------  RPC  ---------------
        Holdon:   0
        Waiting:  0
==============================================
[20:45:26.454][info] [#0:script/service/service.lua:144]: 
========= Medical Examination Report =========
    --------------- Memory ---------------
        Total: 8.078 MB
        # 00 : 7.747 MB
        # 01 : 0.106 MB
        # 02 : 0.119 MB
        # 03 : 0.053 MB
        # 04 : 0.053 MB
    --------------- Coroutine ---------------
        Total:     0
        Running:   0
        Suspended: 0
        Normal:    0
        Dead:      0
    --------------- Cache ---------------
        Total: 1
        Dead:  0
    ---------------  RPC  ---------------
        Holdon:   0
        Waiting:  0
==============================================
[20:55:26.489][info] [#0:script/service/service.lua:144]: 
========= Medical Examination Report =========
    --------------- Memory ---------------
        Total: 8.156 MB
        # 00 : 7.826 MB
        # 01 : 0.106 MB
        # 02 : 0.119 MB
        # 03 : 0.053 MB
        # 04 : 0.053 MB
    --------------- Coroutine ---------------
        Total:     0
        Running:   0
        Suspended: 0
        Normal:    0
        Dead:      0
    --------------- Cache ---------------
        Total: 1
        Dead:  0
    ---------------  RPC  ---------------
        Holdon:   0
        Waiting:  0
==============================================
[21:05:26.519][info] [#0:script/service/service.lua:144]: 
========= Medical Examination Report =========
    --------------- Memory ---------------
        Total: 8.234 MB
        # 00 : 7.904 MB
        # 01 : 0.106 MB
        # 02 : 0.119 MB
        # 03 : 0.053 MB
        # 04 : 0.053 MB
    --------------- Coroutine ---------------
        Total:     0
        Running:   0
        Suspended: 0
        Normal:    0
        Dead:      0
    --------------- Cache ---------------
        Total: 1
        Dead:  0
    ---------------  RPC  ---------------
        Holdon:   0
        Waiting:  0
==============================================
[21:15:26.545][info] [#0:script/service/service.lua:144]: 
========= Medical Examination Report =========
    --------------- Memory ---------------
        Total: 8.313 MB
        # 00 : 7.982 MB
        # 01 : 0.106 MB
        # 02 : 0.119 MB
        # 03 : 0.053 MB
        # 04 : 0.053 MB
    --------------- Coroutine ---------------
        Total:     0
        Running:   0
        Suspended: 0
        Normal:    0
        Dead:      0
    --------------- Cache ---------------
        Total: 1
        Dead:  0
    ---------------  RPC  ---------------
        Holdon:   0
        Waiting:  0
==============================================
